[debug] [2020-09-14T04:36:09.194Z] ----------------------------------------------------------------------
[debug] [2020-09-14T04:36:09.196Z] Command:       /usr/local/bin/node /usr/local/bin/firebase emulators:start
[debug] [2020-09-14T04:36:09.196Z] CLI Version:   8.6.0
[debug] [2020-09-14T04:36:09.197Z] Platform:      darwin
[debug] [2020-09-14T04:36:09.197Z] Node Version:  v12.16.1
[debug] [2020-09-14T04:36:09.197Z] Time:          Sun Sep 13 2020 22:36:09 GMT-0600 (Mountain Daylight Time)
[debug] [2020-09-14T04:36:09.198Z] ----------------------------------------------------------------------
[debug] [2020-09-14T04:36:09.198Z] 
[debug] [2020-09-14T04:36:09.211Z] > command requires scopes: ["email","openid","https://www.googleapis.com/auth/cloudplatformprojects.readonly","https://www.googleapis.com/auth/firebase","https://www.googleapis.com/auth/cloud-platform"]
[debug] [2020-09-14T04:36:09.212Z] > authorizing via signed-in user
[info] i  emulators: Starting emulators: functions, database, hosting {"metadata":{"emulator":{"name":"hub"},"message":"Starting emulators: functions, database, hosting"}}
[debug] [2020-09-14T04:36:09.243Z] [hub] writing locator at /var/folders/ry/p4gt351x7wq6_2h8n8zb9vgc0000gp/T/hub-sentimeant-59375.json
[debug] [2020-09-14T04:36:09.250Z] defaultcredentials: writing to file /Users/jamesquinlan/.config/firebase/jcquinlan_dev_gmail.com_application_default_credentials.json
[debug] [2020-09-14T04:36:09.251Z] Setting GAC to /Users/jamesquinlan/.config/firebase/jcquinlan_dev_gmail.com_application_default_credentials.json {"metadata":{"emulator":{"name":"functions"},"message":"Setting GAC to /Users/jamesquinlan/.config/firebase/jcquinlan_dev_gmail.com_application_default_credentials.json"}}
[warn] ⚠  functions: The following emulators are not running, calls to these services from the Functions emulator will affect production: firestore, pubsub {"metadata":{"emulator":{"name":"functions"},"message":"The following emulators are not running, calls to these services from the Functions emulator will affect production: \u001b[1mfirestore, pubsub\u001b[22m"}}
[warn] ⚠  Your requested "node" version "8" doesn't match your global version "12" {"metadata":{"emulator":{"name":"functions"},"message":"Your requested \"node\" version \"8\" doesn't match your global version \"12\""}}
[debug] [2020-09-14T04:36:09.262Z] database rules config:  []
[warn] ⚠  database: Did not find a Realtime Database rules file specified in a firebase.json config file. The emulator will default to allowing all reads and writes. Learn more about this option: https://firebase.google.com/docs/emulator-suite/install_and_configure#security_rules_configuration. {"metadata":{"emulator":{"name":"database"},"message":"Did not find a Realtime Database rules file specified in a firebase.json config file. The emulator will default to allowing all reads and writes. Learn more about this option: https://firebase.google.com/docs/emulator-suite/install_and_configure#security_rules_configuration."}}
[info] i  database: downloading firebase-database-emulator-v4.5.0.jar... {"metadata":{"emulator":{"name":"database"},"message":"downloading firebase-database-emulator-v4.5.0.jar..."}}
[info] i  database: Removing outdated emulator files: firebase-database-emulator-v4.4.1.jar {"metadata":{"emulator":{"name":"database"},"message":"Removing outdated emulator files: firebase-database-emulator-v4.4.1.jar"}}
[debug] [2020-09-14T04:36:10.533Z] Ignoring unsupported arg: projectId {"metadata":{"emulator":{"name":"database"},"message":"Ignoring unsupported arg: projectId"}}
[debug] [2020-09-14T04:36:10.534Z] Ignoring unsupported arg: auto_download {"metadata":{"emulator":{"name":"database"},"message":"Ignoring unsupported arg: auto_download"}}
[debug] [2020-09-14T04:36:10.534Z] Ignoring unsupported arg: rules {"metadata":{"emulator":{"name":"database"},"message":"Ignoring unsupported arg: rules"}}
[debug] [2020-09-14T04:36:10.534Z] Starting Database Emulator with command {"binary":"java","args":["-Duser.language=en","-jar","/Users/jamesquinlan/.cache/firebase/emulators/firebase-database-emulator-v4.5.0.jar","--host","localhost","--port",9000,"--functions_emulator_host","localhost","--functions_emulator_port",5001],"optionalArgs":["port","host","functions_emulator_port","functions_emulator_host"],"joinArgs":false} {"metadata":{"emulator":{"name":"database"},"message":"Starting Database Emulator with command {\"binary\":\"java\",\"args\":[\"-Duser.language=en\",\"-jar\",\"/Users/jamesquinlan/.cache/firebase/emulators/firebase-database-emulator-v4.5.0.jar\",\"--host\",\"localhost\",\"--port\",9000,\"--functions_emulator_host\",\"localhost\",\"--functions_emulator_port\",5001],\"optionalArgs\":[\"port\",\"host\",\"functions_emulator_port\",\"functions_emulator_host\"],\"joinArgs\":false}"}}
[info] i  database: Database Emulator logging to database-debug.log {"metadata":{"emulator":{"name":"database"},"message":"Database Emulator logging to \u001b[1mdatabase-debug.log\u001b[22m"}}
[debug] [2020-09-14T04:36:11.497Z] WARNING: An illegal reflective access operation has occurred
WARNING: Illegal reflective access by io.netty.util.internal.ReflectionUtil (file:/Users/jamesquinlan/.cache/firebase/emulators/firebase-database-emulator-v4.5.0.jar) to field sun.nio.ch.SelectorImpl.selectedKeys
WARNING: Please consider reporting this to the maintainers of io.netty.util.internal.ReflectionUtil
WARNING: Use --illegal-access=warn to enable warnings of further illegal reflective access operations
WARNING: All illegal access operations will be denied in a future release
 {"metadata":{"emulator":{"name":"database"},"message":"WARNING: An illegal reflective access operation has occurred\nWARNING: Illegal reflective access by io.netty.util.internal.ReflectionUtil (file:/Users/jamesquinlan/.cache/firebase/emulators/firebase-database-emulator-v4.5.0.jar) to field sun.nio.ch.SelectorImpl.selectedKeys\nWARNING: Please consider reporting this to the maintainers of io.netty.util.internal.ReflectionUtil\nWARNING: Use --illegal-access=warn to enable warnings of further illegal reflective access operations\nWARNING: All illegal access operations will be denied in a future release\n"}}
[debug] [2020-09-14T04:36:12.175Z] 22:36:12.174 [NamespaceSystem-akka.actor.default-dispatcher-4] INFO akka.event.slf4j.Slf4jLogger - Slf4jLogger started
 {"metadata":{"emulator":{"name":"database"},"message":"22:36:12.174 [NamespaceSystem-akka.actor.default-dispatcher-4] INFO akka.event.slf4j.Slf4jLogger - Slf4jLogger started\n"}}
[debug] [2020-09-14T04:36:12.339Z] 22:36:12.339 [main] INFO com.firebase.server.forge.App$ - Listening at localhost:9000
 {"metadata":{"emulator":{"name":"database"},"message":"22:36:12.339 [main] INFO com.firebase.server.forge.App$ - Listening at localhost:9000\n"}}
[debug] [2020-09-14T04:36:12.580Z] > refreshing access token with scopes: ["email","https://www.googleapis.com/auth/cloud-platform","https://www.googleapis.com/auth/cloudplatformprojects.readonly","https://www.googleapis.com/auth/firebase","openid"]
[debug] [2020-09-14T04:36:12.580Z] >>> HTTP REQUEST POST https://www.googleapis.com/oauth2/v3/token  
 <request body omitted>
[debug] [2020-09-14T04:36:12.714Z] <<< HTTP RESPONSE 200 {"content-type":"application/json; charset=utf-8","vary":"X-Origin, Referer, Origin,Accept-Encoding","date":"Mon, 14 Sep 2020 04:36:12 GMT","server":"scaffolding on HTTPServer2","cache-control":"private","x-xss-protection":"0","x-frame-options":"SAMEORIGIN","x-content-type-options":"nosniff","alt-svc":"h3-29=\":443\"; ma=2592000,h3-27=\":443\"; ma=2592000,h3-T051=\":443\"; ma=2592000,h3-T050=\":443\"; ma=2592000,h3-Q050=\":443\"; ma=2592000,h3-Q046=\":443\"; ma=2592000,h3-Q043=\":443\"; ma=2592000,quic=\":443\"; ma=2592000; v=\"46,43\"","accept-ranges":"none","transfer-encoding":"chunked"}
[debug] [2020-09-14T04:36:12.730Z] >>> HTTP REQUEST GET https://firebase.googleapis.com/v1beta1/projects/sentimeant-59375/webApps/-/config  
 
[debug] [2020-09-14T04:36:13.214Z] <<< HTTP RESPONSE 200 {"content-type":"application/json; charset=UTF-8","vary":"X-Origin, Referer, Origin,Accept-Encoding","date":"Mon, 14 Sep 2020 04:36:13 GMT","server":"ESF","cache-control":"private","x-xss-protection":"0","x-frame-options":"SAMEORIGIN","x-content-type-options":"nosniff","alt-svc":"h3-29=\":443\"; ma=2592000,h3-27=\":443\"; ma=2592000,h3-T051=\":443\"; ma=2592000,h3-T050=\":443\"; ma=2592000,h3-Q050=\":443\"; ma=2592000,h3-Q046=\":443\"; ma=2592000,h3-Q043=\":443\"; ma=2592000,quic=\":443\"; ma=2592000; v=\"46,43\"","accept-ranges":"none","transfer-encoding":"chunked"}
[info] i  hosting: Serving hosting files from: build {"metadata":{"emulator":{"name":"hosting"},"message":"Serving hosting files from: \u001b[1mbuild\u001b[22m"}}
[info] ✔  hosting: Local server: http://localhost:5000 {"metadata":{"emulator":{"name":"hosting"},"message":"Local server: \u001b[4m\u001b[1mhttp://localhost:5000\u001b[22m\u001b[24m"}}
[debug] [2020-09-14T04:36:13.253Z] Ignoring unsupported arg: auto_download {"metadata":{"emulator":{"name":"ui"},"message":"Ignoring unsupported arg: auto_download"}}
[debug] [2020-09-14T04:36:13.253Z] Ignoring unsupported arg: port {"metadata":{"emulator":{"name":"ui"},"message":"Ignoring unsupported arg: port"}}
[debug] [2020-09-14T04:36:13.253Z] Starting Emulator UI with command {"binary":"node","args":["/Users/jamesquinlan/.cache/firebase/emulators/ui-v1.1.1/server.bundle.js"],"optionalArgs":[],"joinArgs":false} {"metadata":{"emulator":{"name":"ui"},"message":"Starting Emulator UI with command {\"binary\":\"node\",\"args\":[\"/Users/jamesquinlan/.cache/firebase/emulators/ui-v1.1.1/server.bundle.js\"],\"optionalArgs\":[],\"joinArgs\":false}"}}
[info] i  ui: Emulator UI logging to ui-debug.log {"metadata":{"emulator":{"name":"ui"},"message":"Emulator UI logging to \u001b[1mui-debug.log\u001b[22m"}}
[debug] [2020-09-14T04:36:13.361Z] Web / API server started at http://localhost:4000
 {"metadata":{"emulator":{"name":"ui"},"message":"Web / API server started at http://localhost:4000\n"}}
[info] i  functions: Watching "/Users/jamesquinlan/Repos/sentimeant/functions" for Cloud Functions... {"metadata":{"emulator":{"name":"functions"},"message":"Watching \"/Users/jamesquinlan/Repos/sentimeant/functions\" for Cloud Functions..."}}
[debug] [2020-09-14T04:36:13.529Z] [worker-pool] addWorker(~diagnostic~) {"metadata":{"emulator":{"name":"functions"},"message":"[worker-pool] addWorker(~diagnostic~)"}}
[debug] [2020-09-14T04:36:13.529Z] [worker-pool] Adding worker with key ~diagnostic~, total=1 {"metadata":{"emulator":{"name":"functions"},"message":"[worker-pool] Adding worker with key ~diagnostic~, total=1"}}
[debug] [2020-09-14T04:36:13.529Z] [worker-pool] submitWork(triggerId=) {"metadata":{"emulator":{"name":"functions"},"message":"[worker-pool] submitWork(triggerId=)"}}
[debug] [2020-09-14T04:36:13.530Z] [worker-~diagnostic~-96a1e3ae-f9cb-4726-b36e-1fc13524a637]: Assigning socketPath: /var/folders/ry/p4gt351x7wq6_2h8n8zb9vgc0000gp/T/fire_emu_54482.sock {"metadata":{"emulator":{"name":"functions"},"message":"[worker-~diagnostic~-96a1e3ae-f9cb-4726-b36e-1fc13524a637]: Assigning socketPath: /var/folders/ry/p4gt351x7wq6_2h8n8zb9vgc0000gp/T/fire_emu_54482.sock"}}
[debug] [2020-09-14T04:36:13.530Z] [worker-~diagnostic~-96a1e3ae-f9cb-4726-b36e-1fc13524a637]: BUSY {"metadata":{"emulator":{"name":"functions"},"message":"[worker-~diagnostic~-96a1e3ae-f9cb-4726-b36e-1fc13524a637]: BUSY"}}
[debug] [2020-09-14T04:36:13.852Z] [runtime-status] [54482] Functions runtime initialized. {"cwd":"/Users/jamesquinlan/Repos/sentimeant/functions","node_version":"12.16.1"} {"metadata":{"emulator":{"name":"functions"},"message":"[runtime-status] [54482] Functions runtime initialized. {\"cwd\":\"/Users/jamesquinlan/Repos/sentimeant/functions\",\"node_version\":\"12.16.1\"}"}}
[debug] [2020-09-14T04:36:13.853Z] [runtime-status] [54482] Disabled runtime features: undefined {"metadata":{"emulator":{"name":"functions"},"message":"[runtime-status] [54482] Disabled runtime features: undefined"}}
[debug] [2020-09-14T04:36:13.858Z] [runtime-status] [54482] Resolved module firebase-admin {"declared":true,"installed":true,"version":"8.13.0","resolution":"/Users/jamesquinlan/Repos/sentimeant/functions/node_modules/firebase-admin/lib/index.js"} {"metadata":{"emulator":{"name":"functions"},"message":"[runtime-status] [54482] Resolved module firebase-admin {\"declared\":true,\"installed\":true,\"version\":\"8.13.0\",\"resolution\":\"/Users/jamesquinlan/Repos/sentimeant/functions/node_modules/firebase-admin/lib/index.js\"}"}}
[debug] [2020-09-14T04:36:13.859Z] [runtime-status] [54482] Resolved module firebase-functions {"declared":true,"installed":true,"version":"3.8.0","resolution":"/Users/jamesquinlan/Repos/sentimeant/functions/node_modules/firebase-functions/lib/index.js"} {"metadata":{"emulator":{"name":"functions"},"message":"[runtime-status] [54482] Resolved module firebase-functions {\"declared\":true,\"installed\":true,\"version\":\"3.8.0\",\"resolution\":\"/Users/jamesquinlan/Repos/sentimeant/functions/node_modules/firebase-functions/lib/index.js\"}"}}
[debug] [2020-09-14T04:36:13.860Z] [runtime-status] [54482] Resolved module firebase-functions {"declared":true,"installed":true,"version":"3.8.0","resolution":"/Users/jamesquinlan/Repos/sentimeant/functions/node_modules/firebase-functions/lib/index.js"} {"metadata":{"emulator":{"name":"functions"},"message":"[runtime-status] [54482] Resolved module firebase-functions {\"declared\":true,\"installed\":true,\"version\":\"3.8.0\",\"resolution\":\"/Users/jamesquinlan/Repos/sentimeant/functions/node_modules/firebase-functions/lib/index.js\"}"}}
[debug] [2020-09-14T04:36:13.862Z] [runtime-status] [54482] Outgoing network have been stubbed. [{"name":"http","status":"mocked"},{"name":"http","status":"mocked"},{"name":"https","status":"mocked"},{"name":"https","status":"mocked"},{"name":"net","status":"mocked"}] {"metadata":{"emulator":{"name":"functions"},"message":"[runtime-status] [54482] Outgoing network have been stubbed. [{\"name\":\"http\",\"status\":\"mocked\"},{\"name\":\"http\",\"status\":\"mocked\"},{\"name\":\"https\",\"status\":\"mocked\"},{\"name\":\"https\",\"status\":\"mocked\"},{\"name\":\"net\",\"status\":\"mocked\"}]"}}
[debug] [2020-09-14T04:36:13.862Z] [runtime-status] [54482] Resolved module firebase-functions {"declared":true,"installed":true,"version":"3.8.0","resolution":"/Users/jamesquinlan/Repos/sentimeant/functions/node_modules/firebase-functions/lib/index.js"} {"metadata":{"emulator":{"name":"functions"},"message":"[runtime-status] [54482] Resolved module firebase-functions {\"declared\":true,\"installed\":true,\"version\":\"3.8.0\",\"resolution\":\"/Users/jamesquinlan/Repos/sentimeant/functions/node_modules/firebase-functions/lib/index.js\"}"}}
[debug] [2020-09-14T04:36:13.917Z] [runtime-status] [54482] Checked functions.config() {"config":{}} {"metadata":{"emulator":{"name":"functions"},"message":"[runtime-status] [54482] Checked functions.config() {\"config\":{}}"}}
[debug] [2020-09-14T04:36:13.918Z] [runtime-status] [54482] firebase-functions has been stubbed. {"functionsResolution":{"declared":true,"installed":true,"version":"3.8.0","resolution":"/Users/jamesquinlan/Repos/sentimeant/functions/node_modules/firebase-functions/lib/index.js"}} {"metadata":{"emulator":{"name":"functions"},"message":"[runtime-status] [54482] firebase-functions has been stubbed. {\"functionsResolution\":{\"declared\":true,\"installed\":true,\"version\":\"3.8.0\",\"resolution\":\"/Users/jamesquinlan/Repos/sentimeant/functions/node_modules/firebase-functions/lib/index.js\"}}"}}
[debug] [2020-09-14T04:36:13.919Z] [runtime-status] [54482] Resolved module firebase-functions {"declared":true,"installed":true,"version":"3.8.0","resolution":"/Users/jamesquinlan/Repos/sentimeant/functions/node_modules/firebase-functions/lib/index.js"} {"metadata":{"emulator":{"name":"functions"},"message":"[runtime-status] [54482] Resolved module firebase-functions {\"declared\":true,\"installed\":true,\"version\":\"3.8.0\",\"resolution\":\"/Users/jamesquinlan/Repos/sentimeant/functions/node_modules/firebase-functions/lib/index.js\"}"}}
[debug] [2020-09-14T04:36:13.920Z] [runtime-status] [54482] Resolved module firebase-admin {"declared":true,"installed":true,"version":"8.13.0","resolution":"/Users/jamesquinlan/Repos/sentimeant/functions/node_modules/firebase-admin/lib/index.js"} {"metadata":{"emulator":{"name":"functions"},"message":"[runtime-status] [54482] Resolved module firebase-admin {\"declared\":true,\"installed\":true,\"version\":\"8.13.0\",\"resolution\":\"/Users/jamesquinlan/Repos/sentimeant/functions/node_modules/firebase-admin/lib/index.js\"}"}}
[debug] [2020-09-14T04:36:13.920Z] [runtime-status] [54482] Resolved module firebase-functions {"declared":true,"installed":true,"version":"3.8.0","resolution":"/Users/jamesquinlan/Repos/sentimeant/functions/node_modules/firebase-functions/lib/index.js"} {"metadata":{"emulator":{"name":"functions"},"message":"[runtime-status] [54482] Resolved module firebase-functions {\"declared\":true,\"installed\":true,\"version\":\"3.8.0\",\"resolution\":\"/Users/jamesquinlan/Repos/sentimeant/functions/node_modules/firebase-functions/lib/index.js\"}"}}
[debug] [2020-09-14T04:36:13.920Z] [runtime-status] [54482] firebase-admin has been stubbed. {"adminResolution":{"declared":true,"installed":true,"version":"8.13.0","resolution":"/Users/jamesquinlan/Repos/sentimeant/functions/node_modules/firebase-admin/lib/index.js"}} {"metadata":{"emulator":{"name":"functions"},"message":"[runtime-status] [54482] firebase-admin has been stubbed. {\"adminResolution\":{\"declared\":true,\"installed\":true,\"version\":\"8.13.0\",\"resolution\":\"/Users/jamesquinlan/Repos/sentimeant/functions/node_modules/firebase-admin/lib/index.js\"}}"}}
[warn] ⚠  It looks like you're trying to access functions.config().firebase but there is no value there. You can learn more about setting up config here: https://firebase.google.com/docs/functions/local-emulator {"metadata":{"emulator":{"name":"functions"},"message":"It looks like you're trying to access functions.config().firebase but there is no value there. You can learn more about setting up config here: https://firebase.google.com/docs/functions/local-emulator"}}
[debug] [2020-09-14T04:36:13.922Z] [runtime-status] [54482] initializeApp(DEFAULT) {"databaseURL":"http://localhost:9000?ns=sentimeant-59375","storageBucket":"sentimeant-59375.appspot.com","projectId":"sentimeant-59375"} {"metadata":{"emulator":{"name":"functions"},"message":"[runtime-status] [54482] initializeApp(DEFAULT) {\"databaseURL\":\"http://localhost:9000?ns=sentimeant-59375\",\"storageBucket\":\"sentimeant-59375.appspot.com\",\"projectId\":\"sentimeant-59375\"}"}}
[warn] ⚠  functions: The Cloud Firestore emulator is not running, so calls to Firestore will affect production. {"metadata":{"emulator":{"name":"functions"},"message":"The Cloud Firestore emulator is not running, so calls to Firestore will affect production."}}
[info] ✔  functions[submitDraft]: http function initialized (http://localhost:5001/sentimeant-59375/us-central1/submitDraft). {"metadata":{"emulator":{"name":"functions"},"message":"\u001b[1mhttp\u001b[22m function initialized (http://localhost:5001/sentimeant-59375/us-central1/submitDraft)."}}
[info] 
┌───────────────────────────────────────────────────────────────────────┐
│ ✔  All emulators ready! View status and logs at http://localhost:4000 │
└───────────────────────────────────────────────────────────────────────┘

┌───────────┬────────────────┬─────────────────────────────────┐
│ Emulator  │ Host:Port      │ View in Emulator UI             │
├───────────┼────────────────┼─────────────────────────────────┤
│ Functions │ localhost:5001 │ http://localhost:4000/functions │
├───────────┼────────────────┼─────────────────────────────────┤
│ Database  │ localhost:9000 │ http://localhost:4000/database  │
├───────────┼────────────────┼─────────────────────────────────┤
│ Hosting   │ localhost:5000 │ n/a                             │
└───────────┴────────────────┴─────────────────────────────────┘
  Other reserved ports: 4400, 4500

Issues? Report them at https://github.com/firebase/firebase-tools/issues and attach the *-debug.log files.
 
[debug] [2020-09-14T04:36:14.248Z] [worker-~diagnostic~-96a1e3ae-f9cb-4726-b36e-1fc13524a637]: IDLE {"metadata":{"emulator":{"name":"functions"},"message":"[worker-~diagnostic~-96a1e3ae-f9cb-4726-b36e-1fc13524a637]: IDLE"}}
[debug] [2020-09-14T04:36:29.675Z] [work-queue] {"queueLength":1,"workRunningCount":0}
[debug] [2020-09-14T04:36:29.675Z] [work-queue] {"queueLength":0,"workRunningCount":1}
[debug] [2020-09-14T04:36:29.676Z] Accepted request POST /sentimeant-59375/us-central1/submitDraft --> submitDraft
[debug] [2020-09-14T04:36:29.681Z] [worker-pool] addWorker(submitDraft) {"metadata":{"emulator":{"name":"functions"},"message":"[worker-pool] addWorker(submitDraft)"}}
[debug] [2020-09-14T04:36:29.681Z] [worker-pool] Adding worker with key submitDraft, total=1 {"metadata":{"emulator":{"name":"functions"},"message":"[worker-pool] Adding worker with key submitDraft, total=1"}}
[debug] [2020-09-14T04:36:29.681Z] [worker-pool] submitWork(triggerId=submitDraft) {"metadata":{"emulator":{"name":"functions"},"message":"[worker-pool] submitWork(triggerId=submitDraft)"}}
[debug] [2020-09-14T04:36:29.681Z] [worker-submitDraft-736d3256-937d-4eca-8ef8-4385cfef9e77]: Assigning socketPath: /var/folders/ry/p4gt351x7wq6_2h8n8zb9vgc0000gp/T/fire_emu_54498.sock {"metadata":{"emulator":{"name":"functions"},"message":"[worker-submitDraft-736d3256-937d-4eca-8ef8-4385cfef9e77]: Assigning socketPath: /var/folders/ry/p4gt351x7wq6_2h8n8zb9vgc0000gp/T/fire_emu_54498.sock"}}
[debug] [2020-09-14T04:36:29.681Z] [worker-submitDraft-736d3256-937d-4eca-8ef8-4385cfef9e77]: BUSY {"metadata":{"emulator":{"name":"functions"},"message":"[worker-submitDraft-736d3256-937d-4eca-8ef8-4385cfef9e77]: BUSY"}}
[debug] [2020-09-14T04:36:29.912Z] [runtime-status] [54498] Functions runtime initialized. {"cwd":"/Users/jamesquinlan/Repos/sentimeant/functions","node_version":"12.16.1"} {"metadata":{"emulator":{"name":"functions"},"function":{"name":"submitDraft"},"message":"[runtime-status] [54498] Functions runtime initialized. {\"cwd\":\"/Users/jamesquinlan/Repos/sentimeant/functions\",\"node_version\":\"12.16.1\"}"}}
[debug] [2020-09-14T04:36:29.914Z] [runtime-status] [54498] Disabled runtime features: undefined {"metadata":{"emulator":{"name":"functions"},"function":{"name":"submitDraft"},"message":"[runtime-status] [54498] Disabled runtime features: undefined"}}
[debug] [2020-09-14T04:36:29.916Z] [runtime-status] [54498] Resolved module firebase-admin {"declared":true,"installed":true,"version":"8.13.0","resolution":"/Users/jamesquinlan/Repos/sentimeant/functions/node_modules/firebase-admin/lib/index.js"} {"metadata":{"emulator":{"name":"functions"},"function":{"name":"submitDraft"},"message":"[runtime-status] [54498] Resolved module firebase-admin {\"declared\":true,\"installed\":true,\"version\":\"8.13.0\",\"resolution\":\"/Users/jamesquinlan/Repos/sentimeant/functions/node_modules/firebase-admin/lib/index.js\"}"}}
[debug] [2020-09-14T04:36:29.916Z] [runtime-status] [54498] Resolved module firebase-functions {"declared":true,"installed":true,"version":"3.8.0","resolution":"/Users/jamesquinlan/Repos/sentimeant/functions/node_modules/firebase-functions/lib/index.js"} {"metadata":{"emulator":{"name":"functions"},"function":{"name":"submitDraft"},"message":"[runtime-status] [54498] Resolved module firebase-functions {\"declared\":true,\"installed\":true,\"version\":\"3.8.0\",\"resolution\":\"/Users/jamesquinlan/Repos/sentimeant/functions/node_modules/firebase-functions/lib/index.js\"}"}}
[debug] [2020-09-14T04:36:29.917Z] [runtime-status] [54498] Resolved module firebase-functions {"declared":true,"installed":true,"version":"3.8.0","resolution":"/Users/jamesquinlan/Repos/sentimeant/functions/node_modules/firebase-functions/lib/index.js"} {"metadata":{"emulator":{"name":"functions"},"function":{"name":"submitDraft"},"message":"[runtime-status] [54498] Resolved module firebase-functions {\"declared\":true,\"installed\":true,\"version\":\"3.8.0\",\"resolution\":\"/Users/jamesquinlan/Repos/sentimeant/functions/node_modules/firebase-functions/lib/index.js\"}"}}
[debug] [2020-09-14T04:36:29.919Z] [runtime-status] [54498] Outgoing network have been stubbed. [{"name":"http","status":"mocked"},{"name":"http","status":"mocked"},{"name":"https","status":"mocked"},{"name":"https","status":"mocked"},{"name":"net","status":"mocked"}] {"metadata":{"emulator":{"name":"functions"},"function":{"name":"submitDraft"},"message":"[runtime-status] [54498] Outgoing network have been stubbed. [{\"name\":\"http\",\"status\":\"mocked\"},{\"name\":\"http\",\"status\":\"mocked\"},{\"name\":\"https\",\"status\":\"mocked\"},{\"name\":\"https\",\"status\":\"mocked\"},{\"name\":\"net\",\"status\":\"mocked\"}]"}}
[debug] [2020-09-14T04:36:29.920Z] [runtime-status] [54498] Resolved module firebase-functions {"declared":true,"installed":true,"version":"3.8.0","resolution":"/Users/jamesquinlan/Repos/sentimeant/functions/node_modules/firebase-functions/lib/index.js"} {"metadata":{"emulator":{"name":"functions"},"function":{"name":"submitDraft"},"message":"[runtime-status] [54498] Resolved module firebase-functions {\"declared\":true,\"installed\":true,\"version\":\"3.8.0\",\"resolution\":\"/Users/jamesquinlan/Repos/sentimeant/functions/node_modules/firebase-functions/lib/index.js\"}"}}
[debug] [2020-09-14T04:36:29.947Z] [runtime-status] [54498] Checked functions.config() {"config":{}} {"metadata":{"emulator":{"name":"functions"},"function":{"name":"submitDraft"},"message":"[runtime-status] [54498] Checked functions.config() {\"config\":{}}"}}
[debug] [2020-09-14T04:36:29.948Z] [runtime-status] [54498] firebase-functions has been stubbed. {"functionsResolution":{"declared":true,"installed":true,"version":"3.8.0","resolution":"/Users/jamesquinlan/Repos/sentimeant/functions/node_modules/firebase-functions/lib/index.js"}} {"metadata":{"emulator":{"name":"functions"},"function":{"name":"submitDraft"},"message":"[runtime-status] [54498] firebase-functions has been stubbed. {\"functionsResolution\":{\"declared\":true,\"installed\":true,\"version\":\"3.8.0\",\"resolution\":\"/Users/jamesquinlan/Repos/sentimeant/functions/node_modules/firebase-functions/lib/index.js\"}}"}}
[debug] [2020-09-14T04:36:29.948Z] [runtime-status] [54498] Resolved module firebase-functions {"declared":true,"installed":true,"version":"3.8.0","resolution":"/Users/jamesquinlan/Repos/sentimeant/functions/node_modules/firebase-functions/lib/index.js"} {"metadata":{"emulator":{"name":"functions"},"function":{"name":"submitDraft"},"message":"[runtime-status] [54498] Resolved module firebase-functions {\"declared\":true,\"installed\":true,\"version\":\"3.8.0\",\"resolution\":\"/Users/jamesquinlan/Repos/sentimeant/functions/node_modules/firebase-functions/lib/index.js\"}"}}
[debug] [2020-09-14T04:36:29.948Z] [runtime-status] [54498] Resolved module firebase-admin {"declared":true,"installed":true,"version":"8.13.0","resolution":"/Users/jamesquinlan/Repos/sentimeant/functions/node_modules/firebase-admin/lib/index.js"} {"metadata":{"emulator":{"name":"functions"},"function":{"name":"submitDraft"},"message":"[runtime-status] [54498] Resolved module firebase-admin {\"declared\":true,\"installed\":true,\"version\":\"8.13.0\",\"resolution\":\"/Users/jamesquinlan/Repos/sentimeant/functions/node_modules/firebase-admin/lib/index.js\"}"}}
[debug] [2020-09-14T04:36:29.949Z] [runtime-status] [54498] Resolved module firebase-functions {"declared":true,"installed":true,"version":"3.8.0","resolution":"/Users/jamesquinlan/Repos/sentimeant/functions/node_modules/firebase-functions/lib/index.js"} {"metadata":{"emulator":{"name":"functions"},"function":{"name":"submitDraft"},"message":"[runtime-status] [54498] Resolved module firebase-functions {\"declared\":true,\"installed\":true,\"version\":\"3.8.0\",\"resolution\":\"/Users/jamesquinlan/Repos/sentimeant/functions/node_modules/firebase-functions/lib/index.js\"}"}}
[debug] [2020-09-14T04:36:29.949Z] [runtime-status] [54498] firebase-admin has been stubbed. {"adminResolution":{"declared":true,"installed":true,"version":"8.13.0","resolution":"/Users/jamesquinlan/Repos/sentimeant/functions/node_modules/firebase-admin/lib/index.js"}} {"metadata":{"emulator":{"name":"functions"},"function":{"name":"submitDraft"},"message":"[runtime-status] [54498] firebase-admin has been stubbed. {\"adminResolution\":{\"declared\":true,\"installed\":true,\"version\":\"8.13.0\",\"resolution\":\"/Users/jamesquinlan/Repos/sentimeant/functions/node_modules/firebase-admin/lib/index.js\"}}"}}
[debug] [2020-09-14T04:36:29.950Z] [runtime-status] [54498] initializeApp(DEFAULT) {"databaseURL":"http://localhost:9000?ns=sentimeant-59375","storageBucket":"sentimeant-59375.appspot.com","projectId":"sentimeant-59375"} {"metadata":{"emulator":{"name":"functions"},"function":{"name":"submitDraft"},"message":"[runtime-status] [54498] initializeApp(DEFAULT) {\"databaseURL\":\"http://localhost:9000?ns=sentimeant-59375\",\"storageBucket\":\"sentimeant-59375.appspot.com\",\"projectId\":\"sentimeant-59375\"}"}}
[warn] ⚠  functions: The Cloud Firestore emulator is not running, so calls to Firestore will affect production. {"metadata":{"emulator":{"name":"functions"},"function":{"name":"submitDraft"},"message":"The Cloud Firestore emulator is not running, so calls to Firestore will affect production."}}
[debug] [2020-09-14T04:36:30.105Z] [runtime-status] [54498] Trigger "submitDraft" has been found, beginning invocation! {"metadata":{"emulator":{"name":"functions"},"function":{"name":"submitDraft"},"message":"[runtime-status] [54498] Trigger \"submitDraft\" has been found, beginning invocation!"}}
[info] i  functions: Beginning execution of "submitDraft" {"metadata":{"emulator":{"name":"functions"},"function":{"name":"submitDraft"},"message":"Beginning execution of \"submitDraft\""}}
[debug] [2020-09-14T04:36:30.105Z] [runtime-status] [54498] triggerDefinition {"httpsTrigger":{},"name":"submitDraft","entryPoint":"submitDraft"} {"metadata":{"emulator":{"name":"functions"},"function":{"name":"submitDraft"},"message":"[runtime-status] [54498] triggerDefinition {\"httpsTrigger\":{},\"name\":\"submitDraft\",\"entryPoint\":\"submitDraft\"}"}}
[debug] [2020-09-14T04:36:30.105Z] [runtime-status] [54498] Running submitDraft in mode HTTPS {"metadata":{"emulator":{"name":"functions"},"function":{"name":"submitDraft"},"message":"[runtime-status] [54498] Running submitDraft in mode HTTPS"}}
[debug] [2020-09-14T04:36:30.108Z] [runtime-status] [54498] Attempting to listen to socketPath: /var/folders/ry/p4gt351x7wq6_2h8n8zb9vgc0000gp/T/fire_emu_54498.sock {"metadata":{"emulator":{"name":"functions"},"function":{"name":"submitDraft"},"message":"[runtime-status] [54498] Attempting to listen to socketPath: /var/folders/ry/p4gt351x7wq6_2h8n8zb9vgc0000gp/T/fire_emu_54498.sock"}}
[debug] [2020-09-14T04:36:30.110Z] [functions] Runtime ready! Sending request! {"metadata":{"emulator":{"name":"functions"},"message":"[functions] Runtime ready! Sending request!"}}
[debug] [2020-09-14T04:36:30.132Z] [runtime-status] [54498] Ephemeral server handling POST request {"metadata":{"emulator":{"name":"functions"},"function":{"name":"submitDraft"},"message":"[runtime-status] [54498] Ephemeral server handling POST request"}}
[warn] ⚠  Google API requested!
   - URL: "https://oauth2.googleapis.com/token"
   - Be careful, this may be a production service. {"metadata":{"emulator":{"name":"functions"},"function":{"name":"submitDraft"},"message":"Google API requested!\n   - URL: \"https://oauth2.googleapis.com/token\"\n   - Be careful, this may be a production service."}}
[debug] [2020-09-14T04:36:31.101Z] [runtime-status] [54498] Ephemeral server survived. {"metadata":{"emulator":{"name":"functions"},"function":{"name":"submitDraft"},"message":"[runtime-status] [54498] Ephemeral server survived."}}
[info] i  functions: Finished "submitDraft" in ~1s {"metadata":{"emulator":{"name":"functions"},"function":{"name":"submitDraft"},"message":"Finished \"submitDraft\" in ~1s"}}
[debug] [2020-09-14T04:36:31.103Z] [worker-submitDraft-736d3256-937d-4eca-8ef8-4385cfef9e77]: IDLE {"metadata":{"emulator":{"name":"functions"},"message":"[worker-submitDraft-736d3256-937d-4eca-8ef8-4385cfef9e77]: IDLE"}}
[debug] [2020-09-14T04:36:31.103Z] [work-queue] {"queueLength":0,"workRunningCount":0}
[debug] [2020-09-14T04:37:23.499Z] [work-queue] {"queueLength":1,"workRunningCount":0}
[debug] [2020-09-14T04:37:23.499Z] [work-queue] {"queueLength":0,"workRunningCount":1}
[debug] [2020-09-14T04:37:23.499Z] Accepted request POST /sentimeant-59375/us-central1/submitDraft --> submitDraft
[debug] [2020-09-14T04:37:23.500Z] [worker-pool] submitWork(triggerId=submitDraft) {"metadata":{"emulator":{"name":"functions"},"message":"[worker-pool] submitWork(triggerId=submitDraft)"}}
[debug] [2020-09-14T04:37:23.500Z] [worker-submitDraft-736d3256-937d-4eca-8ef8-4385cfef9e77]: Assigning socketPath: /var/folders/ry/p4gt351x7wq6_2h8n8zb9vgc0000gp/T/fire_emu_54498.sock {"metadata":{"emulator":{"name":"functions"},"message":"[worker-submitDraft-736d3256-937d-4eca-8ef8-4385cfef9e77]: Assigning socketPath: /var/folders/ry/p4gt351x7wq6_2h8n8zb9vgc0000gp/T/fire_emu_54498.sock"}}
[debug] [2020-09-14T04:37:23.500Z] [worker-submitDraft-736d3256-937d-4eca-8ef8-4385cfef9e77]: BUSY {"metadata":{"emulator":{"name":"functions"},"message":"[worker-submitDraft-736d3256-937d-4eca-8ef8-4385cfef9e77]: BUSY"}}
[debug] [2020-09-14T04:37:23.500Z] [runtime-status] [54498] Trigger "submitDraft" has been found, beginning invocation! {"metadata":{"emulator":{"name":"functions"},"function":{"name":"submitDraft"},"message":"[runtime-status] [54498] Trigger \"submitDraft\" has been found, beginning invocation!"}}
[info] i  functions: Beginning execution of "submitDraft" {"metadata":{"emulator":{"name":"functions"},"function":{"name":"submitDraft"},"message":"Beginning execution of \"submitDraft\""}}
[debug] [2020-09-14T04:37:23.501Z] [runtime-status] [54498] triggerDefinition {"httpsTrigger":{},"name":"submitDraft","entryPoint":"submitDraft"} {"metadata":{"emulator":{"name":"functions"},"function":{"name":"submitDraft"},"message":"[runtime-status] [54498] triggerDefinition {\"httpsTrigger\":{},\"name\":\"submitDraft\",\"entryPoint\":\"submitDraft\"}"}}
[debug] [2020-09-14T04:37:23.501Z] [runtime-status] [54498] Running submitDraft in mode HTTPS {"metadata":{"emulator":{"name":"functions"},"function":{"name":"submitDraft"},"message":"[runtime-status] [54498] Running submitDraft in mode HTTPS"}}
[debug] [2020-09-14T04:37:23.501Z] [runtime-status] [54498] Attempting to listen to socketPath: /var/folders/ry/p4gt351x7wq6_2h8n8zb9vgc0000gp/T/fire_emu_54498.sock {"metadata":{"emulator":{"name":"functions"},"function":{"name":"submitDraft"},"message":"[runtime-status] [54498] Attempting to listen to socketPath: /var/folders/ry/p4gt351x7wq6_2h8n8zb9vgc0000gp/T/fire_emu_54498.sock"}}
[debug] [2020-09-14T04:37:23.502Z] [functions] Runtime ready! Sending request! {"metadata":{"emulator":{"name":"functions"},"message":"[functions] Runtime ready! Sending request!"}}
[debug] [2020-09-14T04:37:23.504Z] [runtime-status] [54498] Ephemeral server handling POST request {"metadata":{"emulator":{"name":"functions"},"function":{"name":"submitDraft"},"message":"[runtime-status] [54498] Ephemeral server handling POST request"}}
[debug] [2020-09-14T04:37:23.797Z] [runtime-status] [54498] Ephemeral server survived. {"metadata":{"emulator":{"name":"functions"},"function":{"name":"submitDraft"},"message":"[runtime-status] [54498] Ephemeral server survived."}}
[info] i  functions: Finished "submitDraft" in ~1s {"metadata":{"emulator":{"name":"functions"},"function":{"name":"submitDraft"},"message":"Finished \"submitDraft\" in ~1s"}}
[debug] [2020-09-14T04:37:23.799Z] [worker-submitDraft-736d3256-937d-4eca-8ef8-4385cfef9e77]: IDLE {"metadata":{"emulator":{"name":"functions"},"message":"[worker-submitDraft-736d3256-937d-4eca-8ef8-4385cfef9e77]: IDLE"}}
[debug] [2020-09-14T04:37:23.799Z] [work-queue] {"queueLength":0,"workRunningCount":0}
[debug] [2020-09-15T04:31:03.788Z] [work-queue] {"queueLength":1,"workRunningCount":0}
[debug] [2020-09-15T04:31:03.791Z] [work-queue] {"queueLength":0,"workRunningCount":1}
[debug] [2020-09-15T04:31:03.791Z] Accepted request POST /sentimeant-59375/us-central1/submitDraft --> submitDraft
[debug] [2020-09-15T04:31:03.794Z] [worker-pool] submitWork(triggerId=submitDraft) {"metadata":{"emulator":{"name":"functions"},"message":"[worker-pool] submitWork(triggerId=submitDraft)"}}
[debug] [2020-09-15T04:31:03.795Z] [worker-submitDraft-736d3256-937d-4eca-8ef8-4385cfef9e77]: Assigning socketPath: /var/folders/ry/p4gt351x7wq6_2h8n8zb9vgc0000gp/T/fire_emu_54498.sock {"metadata":{"emulator":{"name":"functions"},"message":"[worker-submitDraft-736d3256-937d-4eca-8ef8-4385cfef9e77]: Assigning socketPath: /var/folders/ry/p4gt351x7wq6_2h8n8zb9vgc0000gp/T/fire_emu_54498.sock"}}
[debug] [2020-09-15T04:31:03.795Z] [worker-submitDraft-736d3256-937d-4eca-8ef8-4385cfef9e77]: BUSY {"metadata":{"emulator":{"name":"functions"},"message":"[worker-submitDraft-736d3256-937d-4eca-8ef8-4385cfef9e77]: BUSY"}}
[debug] [2020-09-15T04:31:03.798Z] [runtime-status] [54498] Trigger "submitDraft" has been found, beginning invocation! {"metadata":{"emulator":{"name":"functions"},"function":{"name":"submitDraft"},"message":"[runtime-status] [54498] Trigger \"submitDraft\" has been found, beginning invocation!"}}
[info] i  functions: Beginning execution of "submitDraft" {"metadata":{"emulator":{"name":"functions"},"function":{"name":"submitDraft"},"message":"Beginning execution of \"submitDraft\""}}
[debug] [2020-09-15T04:31:03.801Z] [runtime-status] [54498] triggerDefinition {"httpsTrigger":{},"name":"submitDraft","entryPoint":"submitDraft"} {"metadata":{"emulator":{"name":"functions"},"function":{"name":"submitDraft"},"message":"[runtime-status] [54498] triggerDefinition {\"httpsTrigger\":{},\"name\":\"submitDraft\",\"entryPoint\":\"submitDraft\"}"}}
[debug] [2020-09-15T04:31:03.801Z] [runtime-status] [54498] Running submitDraft in mode HTTPS {"metadata":{"emulator":{"name":"functions"},"function":{"name":"submitDraft"},"message":"[runtime-status] [54498] Running submitDraft in mode HTTPS"}}
[debug] [2020-09-15T04:31:03.801Z] [runtime-status] [54498] Attempting to listen to socketPath: /var/folders/ry/p4gt351x7wq6_2h8n8zb9vgc0000gp/T/fire_emu_54498.sock {"metadata":{"emulator":{"name":"functions"},"function":{"name":"submitDraft"},"message":"[runtime-status] [54498] Attempting to listen to socketPath: /var/folders/ry/p4gt351x7wq6_2h8n8zb9vgc0000gp/T/fire_emu_54498.sock"}}
[debug] [2020-09-15T04:31:03.803Z] [functions] Runtime ready! Sending request! {"metadata":{"emulator":{"name":"functions"},"message":"[functions] Runtime ready! Sending request!"}}
[debug] [2020-09-15T04:31:03.807Z] [runtime-status] [54498] Ephemeral server handling POST request {"metadata":{"emulator":{"name":"functions"},"function":{"name":"submitDraft"},"message":"[runtime-status] [54498] Ephemeral server handling POST request"}}
[debug] [2020-09-15T04:31:04.488Z] [runtime-status] [54498] Ephemeral server survived. {"metadata":{"emulator":{"name":"functions"},"function":{"name":"submitDraft"},"message":"[runtime-status] [54498] Ephemeral server survived."}}
[info] i  functions: Finished "submitDraft" in ~1s {"metadata":{"emulator":{"name":"functions"},"function":{"name":"submitDraft"},"message":"Finished \"submitDraft\" in ~1s"}}
[debug] [2020-09-15T04:31:04.492Z] [worker-submitDraft-736d3256-937d-4eca-8ef8-4385cfef9e77]: IDLE {"metadata":{"emulator":{"name":"functions"},"message":"[worker-submitDraft-736d3256-937d-4eca-8ef8-4385cfef9e77]: IDLE"}}
[debug] [2020-09-15T04:31:04.493Z] [work-queue] {"queueLength":0,"workRunningCount":0}
[debug] [2020-09-15T04:41:55.011Z] [work-queue] {"queueLength":1,"workRunningCount":0}
[debug] [2020-09-15T04:41:55.011Z] [work-queue] {"queueLength":0,"workRunningCount":1}
[debug] [2020-09-15T04:41:55.012Z] Accepted request POST /sentimeant-59375/us-central1/submitDraft --> submitDraft
[debug] [2020-09-15T04:41:55.012Z] [worker-pool] submitWork(triggerId=submitDraft) {"metadata":{"emulator":{"name":"functions"},"message":"[worker-pool] submitWork(triggerId=submitDraft)"}}
[debug] [2020-09-15T04:41:55.012Z] [worker-submitDraft-736d3256-937d-4eca-8ef8-4385cfef9e77]: Assigning socketPath: /var/folders/ry/p4gt351x7wq6_2h8n8zb9vgc0000gp/T/fire_emu_54498.sock {"metadata":{"emulator":{"name":"functions"},"message":"[worker-submitDraft-736d3256-937d-4eca-8ef8-4385cfef9e77]: Assigning socketPath: /var/folders/ry/p4gt351x7wq6_2h8n8zb9vgc0000gp/T/fire_emu_54498.sock"}}
[debug] [2020-09-15T04:41:55.012Z] [worker-submitDraft-736d3256-937d-4eca-8ef8-4385cfef9e77]: BUSY {"metadata":{"emulator":{"name":"functions"},"message":"[worker-submitDraft-736d3256-937d-4eca-8ef8-4385cfef9e77]: BUSY"}}
[debug] [2020-09-15T04:41:55.013Z] [runtime-status] [54498] Trigger "submitDraft" has been found, beginning invocation! {"metadata":{"emulator":{"name":"functions"},"function":{"name":"submitDraft"},"message":"[runtime-status] [54498] Trigger \"submitDraft\" has been found, beginning invocation!"}}
[info] i  functions: Beginning execution of "submitDraft" {"metadata":{"emulator":{"name":"functions"},"function":{"name":"submitDraft"},"message":"Beginning execution of \"submitDraft\""}}
[debug] [2020-09-15T04:41:55.014Z] [runtime-status] [54498] triggerDefinition {"httpsTrigger":{},"name":"submitDraft","entryPoint":"submitDraft"} {"metadata":{"emulator":{"name":"functions"},"function":{"name":"submitDraft"},"message":"[runtime-status] [54498] triggerDefinition {\"httpsTrigger\":{},\"name\":\"submitDraft\",\"entryPoint\":\"submitDraft\"}"}}
[debug] [2020-09-15T04:41:55.014Z] [runtime-status] [54498] Running submitDraft in mode HTTPS {"metadata":{"emulator":{"name":"functions"},"function":{"name":"submitDraft"},"message":"[runtime-status] [54498] Running submitDraft in mode HTTPS"}}
[debug] [2020-09-15T04:41:55.014Z] [runtime-status] [54498] Attempting to listen to socketPath: /var/folders/ry/p4gt351x7wq6_2h8n8zb9vgc0000gp/T/fire_emu_54498.sock {"metadata":{"emulator":{"name":"functions"},"function":{"name":"submitDraft"},"message":"[runtime-status] [54498] Attempting to listen to socketPath: /var/folders/ry/p4gt351x7wq6_2h8n8zb9vgc0000gp/T/fire_emu_54498.sock"}}
[debug] [2020-09-15T04:41:55.015Z] [functions] Runtime ready! Sending request! {"metadata":{"emulator":{"name":"functions"},"message":"[functions] Runtime ready! Sending request!"}}
[debug] [2020-09-15T04:41:55.017Z] [runtime-status] [54498] Ephemeral server handling POST request {"metadata":{"emulator":{"name":"functions"},"function":{"name":"submitDraft"},"message":"[runtime-status] [54498] Ephemeral server handling POST request"}}
[debug] [2020-09-15T04:41:55.716Z] [runtime-status] [54498] Ephemeral server survived. {"metadata":{"emulator":{"name":"functions"},"function":{"name":"submitDraft"},"message":"[runtime-status] [54498] Ephemeral server survived."}}
[info] i  functions: Finished "submitDraft" in ~1s {"metadata":{"emulator":{"name":"functions"},"function":{"name":"submitDraft"},"message":"Finished \"submitDraft\" in ~1s"}}
[debug] [2020-09-15T04:41:55.718Z] [worker-submitDraft-736d3256-937d-4eca-8ef8-4385cfef9e77]: IDLE {"metadata":{"emulator":{"name":"functions"},"message":"[worker-submitDraft-736d3256-937d-4eca-8ef8-4385cfef9e77]: IDLE"}}
[debug] [2020-09-15T04:41:55.719Z] [work-queue] {"queueLength":0,"workRunningCount":0}
